TN:
SF:src/config.ts
FNF:0
FNH:0
DA:1,0
DA:3,0
DA:14,0
DA:15,0
DA:18,0
DA:19,0
DA:22,0
LF:7
LH:0
BRDA:14,0,0,0
BRDA:14,0,1,0
BRDA:18,1,0,0
BRDA:18,1,1,0
BRDA:25,2,0,0
BRDA:25,2,1,0
BRDA:26,3,0,0
BRDA:26,3,1,0
BRDA:27,4,0,0
BRDA:27,4,1,0
BRDA:28,5,0,0
BRDA:28,5,1,0
BRF:12
BRH:0
end_of_record
TN:
SF:src/interactions/InteractionHandler.ts
FN:5,setupInteractionHandlers
FNF:1
FNH:0
FNDA:0,setupInteractionHandlers
DA:2,0
DA:3,0
DA:5,0
DA:6,0
DA:7,0
DA:10,0
DA:11,0
DA:13,0
DA:14,0
DA:16,0
DA:17,0
DA:19,0
DA:20,0
DA:22,0
DA:23,0
DA:25,0
DA:26,0
DA:29,0
DA:30,0
LF:19
LH:0
BRDA:6,0,0,0
BRDA:6,0,1,0
BRDA:11,1,0,0
BRDA:11,1,1,0
BRDA:11,1,2,0
BRDA:11,1,3,0
BRDA:11,1,4,0
BRF:7
BRH:0
end_of_record
TN:
SF:src/interactions/MainMenuHandler.ts
FN:6,(anonymous_0)
FN:40,(anonymous_1)
FN:58,(anonymous_2)
FN:80,(anonymous_3)
FNF:4
FNH:4
FNDA:2,(anonymous_0)
FNDA:2,(anonymous_1)
FNDA:2,(anonymous_2)
FNDA:2,(anonymous_3)
DA:1,1
DA:2,1
DA:3,1
DA:5,1
DA:7,2
DA:9,2
DA:11,2
DA:12,2
DA:13,2
DA:15,2
DA:18,2
DA:24,2
DA:26,0
DA:27,0
DA:36,0
DA:41,2
DA:43,2
DA:50,2
DA:52,2
DA:59,2
DA:61,2
DA:72,2
DA:74,2
DA:81,2
DA:83,2
DA:90,2
DA:92,2
LF:27
LH:24
BRDA:30,0,0,0
BRDA:30,0,1,0
BRF:2
BRH:0
end_of_record
TN:
SF:src/menus/MainMenu.ts
FN:4,(anonymous_0)
FN:38,(anonymous_1)
FNF:2
FNH:2
FNDA:5,(anonymous_0)
FNDA:1,(anonymous_1)
DA:1,2
DA:3,2
DA:5,5
DA:12,5
DA:31,5
DA:39,1
DA:46,1
DA:55,1
LF:8
LH:8
BRF:0
BRH:0
end_of_record
TN:
SF:src/services/SupabaseClient.ts
FN:24,(anonymous_0)
FN:32,(anonymous_1)
FN:76,(anonymous_2)
FN:104,(anonymous_3)
FN:108,(anonymous_4)
FNF:5
FNH:0
FNDA:0,(anonymous_0)
FNDA:0,(anonymous_1)
FNDA:0,(anonymous_2)
FNDA:0,(anonymous_3)
FNDA:0,(anonymous_4)
DA:1,0
DA:2,0
DA:22,0
DA:25,0
DA:26,0
DA:28,0
DA:41,0
DA:53,0
DA:61,0
DA:62,0
DA:63,0
DA:67,0
DA:68,0
DA:71,0
DA:77,0
DA:84,0
DA:85,0
DA:89,0
DA:90,0
DA:91,0
DA:95,0
DA:96,0
DA:99,0
DA:105,0
DA:109,0
DA:113,0
LF:26
LH:0
BRDA:25,0,0,0
BRDA:25,0,1,0
BRDA:25,1,0,0
BRDA:25,1,1,0
BRDA:37,2,0,0
BRDA:39,3,0,0
BRDA:61,4,0,0
BRDA:61,4,1,0
BRDA:67,5,0,0
BRDA:67,5,1,0
BRDA:84,6,0,0
BRDA:84,6,1,0
BRDA:89,7,0,0
BRDA:89,7,1,0
BRDA:95,8,0,0
BRDA:95,8,1,0
BRF:16
BRH:0
end_of_record
TN:
SF:src/utils/BotHealthCheck.ts
FN:7,(anonymous_0)
FN:12,(anonymous_1)
FN:23,(anonymous_2)
FN:27,(anonymous_3)
FN:36,(anonymous_4)
FN:40,(anonymous_5)
FNF:6
FNH:6
FNDA:5,(anonymous_0)
FNDA:4,(anonymous_1)
FNDA:8,(anonymous_2)
FNDA:4,(anonymous_3)
FNDA:3,(anonymous_4)
FNDA:3,(anonymous_5)
DA:3,1
DA:8,5
DA:9,5
DA:13,4
DA:24,8
DA:28,4
DA:29,4
DA:30,4
DA:31,4
DA:33,4
DA:37,3
DA:45,3
DA:46,3
DA:47,3
DA:49,3
DA:51,3
DA:52,3
DA:53,3
DA:54,3
DA:55,3
DA:57,3
LF:21
LH:21
BRDA:37,0,0,3
BRDA:37,0,1,2
BRDA:49,1,0,3
BRDA:49,1,1,1
BRDA:51,2,0,1
BRDA:51,2,1,2
BRF:6
BRH:6
end_of_record
TN:
SF:src/utils/ErrorHandler.ts
FN:21,(anonymous_0)
FN:39,(anonymous_1)
FN:55,(anonymous_2)
FN:105,(anonymous_3)
FN:145,(anonymous_4)
FNF:5
FNH:5
FNDA:2,(anonymous_0)
FNDA:2,(anonymous_1)
FNDA:1,(anonymous_2)
FNDA:1,(anonymous_3)
FNDA:1,(anonymous_4)
DA:1,1
DA:9,1
DA:22,2
DA:29,2
DA:30,2
DA:36,2
DA:40,2
DA:56,1
DA:66,1
DA:82,1
DA:83,1
DA:84,1
DA:85,1
DA:87,1
DA:88,0
DA:93,1
DA:101,0
DA:106,1
DA:115,1
DA:128,1
DA:129,1
DA:131,1
DA:132,0
DA:137,1
DA:146,1
DA:157,1
LF:26
LH:23
BRDA:21,0,0,2
BRDA:29,1,0,2
BRDA:29,1,1,0
BRDA:60,2,0,1
BRDA:60,2,1,0
BRDA:75,3,0,1
BRDA:75,3,1,0
BRDA:77,4,0,1
BRDA:77,4,1,0
BRDA:83,5,0,1
BRDA:83,5,1,0
BRDA:87,6,0,0
BRDA:87,6,1,1
BRDA:87,7,0,1
BRDA:87,7,1,1
BRDA:131,8,0,0
BRDA:131,8,1,1
BRDA:131,9,0,1
BRDA:131,9,1,1
BRF:19
BRH:12
end_of_record
